[I 200528 20:25:48 __main__:116] Extra args: {'batch_size': 13}
[I 200528 20:25:48 storage:35] Copying contents of /mnt/models to local
[I 200528 20:25:48 __main__:125] Loading Alibi model
[I 200528 20:25:48 explainer:47] Predict URL set to mobilenet-fullstack-transformer-default.ifsvc
[I 200528 20:25:48 kfserver:88] Registering model: mobilenet-fullstack
[I 200528 20:25:48 kfserver:77] Listening on port 8080
[I 200528 20:25:48 kfserver:79] Will fork 0 workers
[I 200528 20:25:48 process:126] Starting 8 processes
[I 200528 20:26:03 anchor_images:35] Calling explain on image of shape ((1, 224, 224, 3),)
/usr/local/lib/python3.7/site-packages/alibi/explainers/anchor_image.py:58: FutureWarning: skimage.measure.label's indexing starts from 0. In future version it will start from 1. To disable this warning, explicitely set the `start_label` parameter to 1.
  self.segmentation_fn = lambda x: fn_options[segmentation_fn](x, **segmentation_kwargs)
[I 200528 20:29:13 explainer:75] Explanation: {'anchor': array([[[0, 0, 0],
            [0, 0, 0],
            [0, 0, 0],
            ...,
            [0, 0, 0],
            [0, 0, 0],
            [0, 0, 0]],
    
           [[0, 0, 0],
            [0, 0, 0],
            [0, 0, 0],
            ...,
            [0, 0, 0],
            [0, 0, 0],
            [0, 0, 0]],
    
           [[0, 0, 0],
            [0, 0, 0],
            [0, 0, 0],
            ...,
            [0, 0, 0],
            [0, 0, 0],
            [0, 0, 0]],
    
           ...,
    
           [[0, 0, 0],
            [0, 0, 0],
            [0, 0, 0],
            ...,
            [0, 0, 0],
            [0, 0, 0],
            [0, 0, 0]],
    
           [[0, 0, 0],
            [0, 0, 0],
            [0, 0, 0],
            ...,
            [0, 0, 0],
            [0, 0, 0],
            [0, 0, 0]],
    
           [[0, 0, 0],
            [0, 0, 0],
            [0, 0, 0],
            ...,
            [0, 0, 0],
            [0, 0, 0],
            [0, 0, 0]]]), 'segments': array([[ 0,  0,  0, ...,  1,  1,  1],
           [ 0,  0,  0, ...,  1,  1,  1],
           [ 0,  0,  0, ...,  1,  1,  1],
           ...,
           [ 9,  9,  9, ..., 10, 10, 10],
           [ 9,  9,  9, ..., 10, 10, 10],
           [ 9,  9,  9, ..., 10, 10, 10]]), 'precision': 1.0, 'coverage': 0.5013, 'raw': {'feature': [2], 'mean': [1.0], 'precision': [1.0], 'coverage': [0.5013], 'examples': [{'covered': [array([[[0, 0, 0],
            [0, 0, 0],
            [0, 0, 0],
            ...,
            [0, 0, 0],
            [0, 0, 0],
            [0, 0, 0]],
    
           [[0, 0, 0],
            [0, 0, 0],
            [0, 0, 0],
            ...,
            [0, 0, 0],
            [0, 0, 0],
            [0, 0, 0]],
    
           [[0, 0, 0],
            [0, 0, 0],
            [0, 0, 0],
            ...,
            [0, 0, 0],
            [0, 0, 0],
            [0, 0, 0]],
    
           ...,
    
           [[0, 0, 0],
            [0, 0, 0],
            [0, 0, 0],
            ...,
            [0, 0, 0],
            [0, 0, 0],
            [0, 0, 0]],
    
           [[0, 0, 0],
            [0, 0, 0],
            [0, 0, 0],
            ...,
            [0, 0, 0],
            [0, 0, 0],
            [0, 0, 0]],
    
           [[0, 0, 0],
            [0, 0, 0],
            [0, 0, 0],
            ...,
            [0, 0, 0],
            [0, 0, 0],
            [0, 0, 0]]]), array([[[209, 212, 221],
            [211, 214, 221],
            [212, 215, 219],
            ...,
            [233, 234, 236],
            [233, 234, 236],
            [225, 228, 233]],
    
           [[210, 213, 220],
            [213, 216, 223],
            [214, 217, 224],
            ...,
            [232, 233, 235],
            [234, 235, 238],
            [201, 210, 217]],
    
           [[216, 217, 225],
            [212, 215, 222],
            [211, 214, 222],
            ...,
            [230, 231, 233],
            [223, 224, 228],
            [199, 211, 223]],
    
           ...,
    
           [[  0,   0,   0],
            [  0,   0,   0],
            [  0,   0,   0],
            ...,
            [  0,   0,   0],
            [  0,   0,   0],
            [  0,   0,   0]],
    
           [[  0,   0,   0],
            [  0,   0,   0],
            [  0,   0,   0],
            ...,
            [  0,   0,   0],
            [  0,   0,   0],
            [  0,   0,   0]],
    
           [[  0,   0,   0],
            [  0,   0,   0],
            [  0,   0,   0],
            ...,
            [  0,   0,   0],
            [  0,   0,   0],
            [  0,   0,   0]]]), array([[[209, 212, 221],
            [211, 214, 221],
            [212, 215, 219],
            ...,
            [  0,   0,   0],
            [  0,   0,   0],
            [  0,   0,   0]],
    
           [[210, 213, 220],
            [213, 216, 223],
            [214, 217, 224],
            ...,
            [  0,   0,   0],
            [  0,   0,   0],
            [  0,   0,   0]],
    
           [[216, 217, 225],
            [212, 215, 222],
            [211, 214, 222],
            ...,
            [  0,   0,   0],
            [  0,   0,   0],
            [  0,   0,   0]],
    
           ...,
    
           [[  0,   0,   0],
            [  0,   0,   0],
            [  0,   0,   0],
            ...,
            [166, 153,  93],
            [173, 154,  71],
            [180, 164, 123]],
    
           [[  0,   0,   0],
            [  0,   0,   0],
            [  0,   0,   0],
            ...,
            [167, 161, 112],
            [141, 126,  72],
            [190, 165, 132]],
    
           [[  0,   0,   0],
            [  0,   0,   0],
            [  0,   0,   0],
            ...,
            [138, 105,  34],
            [156, 142,  71],
            [199, 174, 140]]]), array([[[0, 0, 0],
            [0, 0, 0],
            [0, 0, 0],
            ...,
            [0, 0, 0],
            [0, 0, 0],
            [0, 0, 0]],
    
           [[0, 0, 0],
            [0, 0, 0],
            [0, 0, 0],
            ...,
            [0, 0, 0],
            [0, 0, 0],
            [0, 0, 0]],
    
           [[0, 0, 0],
            [0, 0, 0],
            [0, 0, 0],
            ...,
            [0, 0, 0],
            [0, 0, 0],
            [0, 0, 0]],
    
           ...,
    
           [[0, 0, 0],
            [0, 0, 0],
            [0, 0, 0],
            ...,
            [0, 0, 0],
            [0, 0, 0],
            [0, 0, 0]],
    
           [[0, 0, 0],
            [0, 0, 0],
            [0, 0, 0],
            ...,
            [0, 0, 0],
            [0, 0, 0],
            [0, 0, 0]],
    
           [[0, 0, 0],
            [0, 0, 0],
            [0, 0, 0],
            ...,
            [0, 0, 0],
            [0, 0, 0],
            [0, 0, 0]]]), array([[[  0,   0,   0],
            [  0,   0,   0],
            [  0,   0,   0],
            ...,
            [233, 234, 236],
            [233, 234, 236],
            [225, 228, 233]],
    
           [[  0,   0,   0],
            [  0,   0,   0],
            [  0,   0,   0],
            ...,
            [232, 233, 235],
            [234, 235, 238],
            [201, 210, 217]],
    
           [[  0,   0,   0],
            [  0,   0,   0],
            [  0,   0,   0],
            ...,
            [230, 231, 233],
            [223, 224, 228],
            [199, 211, 223]],
    
           ...,
    
           [[135, 145,  77],
            [219, 198, 156],
            [158, 140,  70],
            ...,
            [  0,   0,   0],
            [  0,   0,   0],
            [  0,   0,   0]],
    
           [[133, 123,  47],
            [185, 168, 121],
            [171, 173,  83],
            ...,
            [  0,   0,   0],
            [  0,   0,   0],
            [  0,   0,   0]],
    
           [[154, 151,  69],
            [148, 138,  57],
            [111, 100,  42],
            ...,
            [  0,   0,   0],
            [  0,   0,   0],
            [  0,   0,   0]]]), array([[[209, 212, 221],
            [211, 214, 221],
            [212, 215, 219],
            ...,
            [  0,   0,   0],
            [  0,   0,   0],
            [  0,   0,   0]],
    
           [[210, 213, 220],
            [213, 216, 223],
            [214, 217, 224],
            ...,
            [  0,   0,   0],
            [  0,   0,   0],
            [  0,   0,   0]],
    
           [[216, 217, 225],
            [212, 215, 222],
            [211, 214, 222],
            ...,
            [  0,   0,   0],
            [  0,   0,   0],
            [  0,   0,   0]],
    
           ...,
    
           [[  0,   0,   0],
            [  0,   0,   0],
            [  0,   0,   0],
            ...,
            [  0,   0,   0],
            [  0,   0,   0],
            [  0,   0,   0]],
    
           [[  0,   0,   0],
            [  0,   0,   0],
            [  0,   0,   0],
            ...,
            [  0,   0,   0],
            [  0,   0,   0],
            [  0,   0,   0]],
    
           [[  0,   0,   0],
            [  0,   0,   0],
            [  0,   0,   0],
            ...,
            [  0,   0,   0],
            [  0,   0,   0],
            [  0,   0,   0]]]), array([[[209, 212, 221],
            [211, 214, 221],
            [212, 215, 219],
            ...,
            [233, 234, 236],
            [233, 234, 236],
            [225, 228, 233]],
    
           [[210, 213, 220],
            [213, 216, 223],
            [214, 217, 224],
            ...,
            [232, 233, 235],
            [234, 235, 238],
            [201, 210, 217]],
    
           [[216, 217, 225],
            [212, 215, 222],
            [211, 214, 222],
            ...,
            [230, 231, 233],
            [223, 224, 228],
            [199, 211, 223]],
    
           ...,
    
           [[  0,   0,   0],
            [  0,   0,   0],
            [  0,   0,   0],
            ...,
            [  0,   0,   0],
            [  0,   0,   0],
            [  0,   0,   0]],
    
           [[  0,   0,   0],
            [  0,   0,   0],
            [  0,   0,   0],
            ...,
            [  0,   0,   0],
            [  0,   0,   0],
            [  0,   0,   0]],
    
           [[  0,   0,   0],
            [  0,   0,   0],
            [  0,   0,   0],
            ...,
            [  0,   0,   0],
            [  0,   0,   0],
            [  0,   0,   0]]]), array([[[  0,   0,   0],
            [  0,   0,   0],
            [  0,   0,   0],
            ...,
            [233, 234, 236],
            [233, 234, 236],
            [225, 228, 233]],
    
           [[  0,   0,   0],
            [  0,   0,   0],
            [  0,   0,   0],
            ...,
            [232, 233, 235],
            [234, 235, 238],
            [201, 210, 217]],
    
           [[  0,   0,   0],
            [  0,   0,   0],
            [  0,   0,   0],
            ...,
            [230, 231, 233],
            [223, 224, 228],
            [199, 211, 223]],
    
           ...,
    
           [[135, 145,  77],
            [219, 198, 156],
            [158, 140,  70],
            ...,
            [166, 153,  93],
            [173, 154,  71],
            [180, 164, 123]],
    
           [[133, 123,  47],
            [185, 168, 121],
            [171, 173,  83],
            ...,
            [167, 161, 112],
            [141, 126,  72],
            [190, 165, 132]],
    
           [[154, 151,  69],
            [148, 138,  57],
            [111, 100,  42],
            ...,
            [138, 105,  34],
            [156, 142,  71],
            [199, 174, 140]]]), array([[[209, 212, 221],
            [211, 214, 221],
            [212, 215, 219],
            ...,
            [233, 234, 236],
            [233, 234, 236],
            [225, 228, 233]],
    
           [[210, 213, 220],
            [213, 216, 223],
            [214, 217, 224],
            ...,
            [232, 233, 235],
            [234, 235, 238],
            [201, 210, 217]],
    
           [[216, 217, 225],
            [212, 215, 222],
            [211, 214, 222],
            ...,
            [230, 231, 233],
            [223, 224, 228],
            [199, 211, 223]],
    
           ...,
    
           [[  0,   0,   0],
            [  0,   0,   0],
            [  0,   0,   0],
            ...,
            [  0,   0,   0],
            [  0,   0,   0],
            [  0,   0,   0]],
    
           [[  0,   0,   0],
            [  0,   0,   0],
            [  0,   0,   0],
            ...,
            [  0,   0,   0],
            [  0,   0,   0],
            [  0,   0,   0]],
    
           [[  0,   0,   0],
            [  0,   0,   0],
            [  0,   0,   0],
            ...,
            [  0,   0,   0],
            [  0,   0,   0],
            [  0,   0,   0]]]), array([[[209, 212, 221],
            [211, 214, 221],
            [212, 215, 219],
            ...,
            [  0,   0,   0],
            [  0,   0,   0],
            [  0,   0,   0]],
    
           [[210, 213, 220],
            [213, 216, 223],
            [214, 217, 224],
            ...,
            [  0,   0,   0],
            [  0,   0,   0],
            [  0,   0,   0]],
    
           [[216, 217, 225],
            [212, 215, 222],
            [211, 214, 222],
            ...,
            [  0,   0,   0],
            [  0,   0,   0],
            [  0,   0,   0]],
    
           ...,
    
           [[135, 145,  77],
            [219, 198, 156],
            [158, 140,  70],
            ...,
            [  0,   0,   0],
            [  0,   0,   0],
            [  0,   0,   0]],
    
           [[133, 123,  47],
            [185, 168, 121],
            [171, 173,  83],
            ...,
            [  0,   0,   0],
            [  0,   0,   0],
            [  0,   0,   0]],
    
           [[154, 151,  69],
            [148, 138,  57],
            [111, 100,  42],
            ...,
            [  0,   0,   0],
            [  0,   0,   0],
            [  0,   0,   0]]])], 'covered_true': [array([[[209, 212, 221],
            [211, 214, 221],
            [212, 215, 219],
            ...,
            [  0,   0,   0],
            [  0,   0,   0],
            [  0,   0,   0]],
    
           [[210, 213, 220],
            [213, 216, 223],
            [214, 217, 224],
            ...,
            [  0,   0,   0],
            [  0,   0,   0],
            [  0,   0,   0]],
    
           [[216, 217, 225],
            [212, 215, 222],
            [211, 214, 222],
            ...,
            [  0,   0,   0],
            [  0,   0,   0],
            [  0,   0,   0]],
    
           ...,
    
           [[  0,   0,   0],
            [  0,   0,   0],
            [  0,   0,   0],
            ...,
            [166, 153,  93],
            [173, 154,  71],
            [180, 164, 123]],
    
           [[  0,   0,   0],
            [  0,   0,   0],
            [  0,   0,   0],
            ...,
            [167, 161, 112],
            [141, 126,  72],
            [190, 165, 132]],
    
           [[  0,   0,   0],
            [  0,   0,   0],
            [  0,   0,   0],
            ...,
            [138, 105,  34],
            [156, 142,  71],
            [199, 174, 140]]]), array([[[209, 212, 221],
            [211, 214, 221],
            [212, 215, 219],
            ...,
            [233, 234, 236],
            [233, 234, 236],
            [225, 228, 233]],
    
           [[210, 213, 220],
            [213, 216, 223],
            [214, 217, 224],
            ...,
            [232, 233, 235],
            [234, 235, 238],
            [201, 210, 217]],
    
           [[216, 217, 225],
            [212, 215, 222],
            [211, 214, 222],
            ...,
            [230, 231, 233],
            [223, 224, 228],
            [199, 211, 223]],
    
           ...,
    
           [[135, 145,  77],
            [219, 198, 156],
            [158, 140,  70],
            ...,
            [166, 153,  93],
            [173, 154,  71],
            [180, 164, 123]],
    
           [[133, 123,  47],
            [185, 168, 121],
            [171, 173,  83],
            ...,
            [167, 161, 112],
            [141, 126,  72],
            [190, 165, 132]],
    
           [[154, 151,  69],
            [148, 138,  57],
            [111, 100,  42],
            ...,
            [138, 105,  34],
            [156, 142,  71],
            [199, 174, 140]]]), array([[[209, 212, 221],
            [211, 214, 221],
            [212, 215, 219],
            ...,
            [  0,   0,   0],
            [  0,   0,   0],
            [  0,   0,   0]],
    
           [[210, 213, 220],
            [213, 216, 223],
            [214, 217, 224],
            ...,
            [  0,   0,   0],
            [  0,   0,   0],
            [  0,   0,   0]],
    
           [[216, 217, 225],
            [212, 215, 222],
            [211, 214, 222],
            ...,
            [  0,   0,   0],
            [  0,   0,   0],
            [  0,   0,   0]],
    
           ...,
    
           [[135, 145,  77],
            [219, 198, 156],
            [158, 140,  70],
            ...,
            [  0,   0,   0],
            [  0,   0,   0],
            [  0,   0,   0]],
    
           [[133, 123,  47],
            [185, 168, 121],
            [171, 173,  83],
            ...,
            [  0,   0,   0],
            [  0,   0,   0],
            [  0,   0,   0]],
    
           [[154, 151,  69],
            [148, 138,  57],
            [111, 100,  42],
            ...,
            [  0,   0,   0],
            [  0,   0,   0],
            [  0,   0,   0]]]), array([[[  0,   0,   0],
            [  0,   0,   0],
            [  0,   0,   0],
            ...,
            [233, 234, 236],
            [233, 234, 236],
            [225, 228, 233]],
    
           [[  0,   0,   0],
            [  0,   0,   0],
            [  0,   0,   0],
            ...,
            [232, 233, 235],
            [234, 235, 238],
            [201, 210, 217]],
    
           [[  0,   0,   0],
            [  0,   0,   0],
            [  0,   0,   0],
            ...,
            [230, 231, 233],
            [223, 224, 228],
            [199, 211, 223]],
    
           ...,
    
           [[  0,   0,   0],
            [  0,   0,   0],
            [  0,   0,   0],
            ...,
            [166, 153,  93],
            [173, 154,  71],
            [180, 164, 123]],
    
           [[  0,   0,   0],
            [  0,   0,   0],
            [  0,   0,   0],
            ...,
            [167, 161, 112],
            [141, 126,  72],
            [190, 165, 132]],
    
           [[  0,   0,   0],
            [  0,   0,   0],
            [  0,   0,   0],
            ...,
            [138, 105,  34],
            [156, 142,  71],
            [199, 174, 140]]]), array([[[  0,   0,   0],
            [  0,   0,   0],
            [  0,   0,   0],
            ...,
            [  0,   0,   0],
            [  0,   0,   0],
            [  0,   0,   0]],
    
           [[  0,   0,   0],
            [  0,   0,   0],
            [  0,   0,   0],
            ...,
            [  0,   0,   0],
            [  0,   0,   0],
            [  0,   0,   0]],
    
           [[  0,   0,   0],
            [  0,   0,   0],
            [  0,   0,   0],
            ...,
            [  0,   0,   0],
            [  0,   0,   0],
            [  0,   0,   0]],
    
           ...,
    
           [[  0,   0,   0],
            [  0,   0,   0],
            [  0,   0,   0],
            ...,
            [166, 153,  93],
            [173, 154,  71],
            [180, 164, 123]],
    
           [[  0,   0,   0],
            [  0,   0,   0],
            [  0,   0,   0],
            ...,
            [167, 161, 112],
            [141, 126,  72],
            [190, 165, 132]],
    
           [[  0,   0,   0],
            [  0,   0,   0],
            [  0,   0,   0],
            ...,
            [138, 105,  34],
            [156, 142,  71],
            [199, 174, 140]]]), array([[[209, 212, 221],
            [211, 214, 221],
            [212, 215, 219],
            ...,
            [  0,   0,   0],
            [  0,   0,   0],
            [  0,   0,   0]],
    
           [[210, 213, 220],
            [213, 216, 223],
            [214, 217, 224],
            ...,
            [  0,   0,   0],
            [  0,   0,   0],
            [  0,   0,   0]],
    
           [[216, 217, 225],
            [212, 215, 222],
            [211, 214, 222],
            ...,
            [  0,   0,   0],
            [  0,   0,   0],
            [  0,   0,   0]],
    
           ...,
    
           [[135, 145,  77],
            [219, 198, 156],
            [158, 140,  70],
            ...,
            [166, 153,  93],
            [173, 154,  71],
            [180, 164, 123]],
    
           [[133, 123,  47],
            [185, 168, 121],
            [171, 173,  83],
            ...,
            [167, 161, 112],
            [141, 126,  72],
            [190, 165, 132]],
    
           [[154, 151,  69],
            [148, 138,  57],
            [111, 100,  42],
            ...,
            [138, 105,  34],
            [156, 142,  71],
            [199, 174, 140]]]), array([[[  0,   0,   0],
            [  0,   0,   0],
            [  0,   0,   0],
            ...,
            [  0,   0,   0],
            [  0,   0,   0],
            [  0,   0,   0]],
    
           [[  0,   0,   0],
            [  0,   0,   0],
            [  0,   0,   0],
            ...,
            [  0,   0,   0],
            [  0,   0,   0],
            [  0,   0,   0]],
    
           [[  0,   0,   0],
            [  0,   0,   0],
            [  0,   0,   0],
            ...,
            [  0,   0,   0],
            [  0,   0,   0],
            [  0,   0,   0]],
    
           ...,
    
           [[135, 145,  77],
            [219, 198, 156],
            [158, 140,  70],
            ...,
            [  0,   0,   0],
            [  0,   0,   0],
            [  0,   0,   0]],
    
           [[133, 123,  47],
            [185, 168, 121],
            [171, 173,  83],
            ...,
            [  0,   0,   0],
            [  0,   0,   0],
            [  0,   0,   0]],
    
           [[154, 151,  69],
            [148, 138,  57],
            [111, 100,  42],
            ...,
            [  0,   0,   0],
            [  0,   0,   0],
            [  0,   0,   0]]]), array([[[  0,   0,   0],
            [  0,   0,   0],
            [  0,   0,   0],
            ...,
            [233, 234, 236],
            [233, 234, 236],
            [225, 228, 233]],
    
           [[  0,   0,   0],
            [  0,   0,   0],
            [  0,   0,   0],
            ...,
            [232, 233, 235],
            [234, 235, 238],
            [201, 210, 217]],
    
           [[  0,   0,   0],
            [  0,   0,   0],
            [  0,   0,   0],
            ...,
            [230, 231, 233],
            [223, 224, 228],
            [199, 211, 223]],
    
           ...,
    
           [[135, 145,  77],
            [219, 198, 156],
            [158, 140,  70],
            ...,
            [166, 153,  93],
            [173, 154,  71],
            [180, 164, 123]],
    
           [[133, 123,  47],
            [185, 168, 121],
            [171, 173,  83],
            ...,
            [167, 161, 112],
            [141, 126,  72],
            [190, 165, 132]],
    
           [[154, 151,  69],
            [148, 138,  57],
            [111, 100,  42],
            ...,
            [138, 105,  34],
            [156, 142,  71],
            [199, 174, 140]]]), array([[[0, 0, 0],
            [0, 0, 0],
            [0, 0, 0],
            ...,
            [0, 0, 0],
            [0, 0, 0],
            [0, 0, 0]],
    
           [[0, 0, 0],
            [0, 0, 0],
            [0, 0, 0],
            ...,
            [0, 0, 0],
            [0, 0, 0],
            [0, 0, 0]],
    
           [[0, 0, 0],
            [0, 0, 0],
            [0, 0, 0],
            ...,
            [0, 0, 0],
            [0, 0, 0],
            [0, 0, 0]],
    
           ...,
    
           [[0, 0, 0],
            [0, 0, 0],
            [0, 0, 0],
            ...,
            [0, 0, 0],
            [0, 0, 0],
            [0, 0, 0]],
    
           [[0, 0, 0],
            [0, 0, 0],
            [0, 0, 0],
            ...,
            [0, 0, 0],
            [0, 0, 0],
            [0, 0, 0]],
    
           [[0, 0, 0],
            [0, 0, 0],
            [0, 0, 0],
            ...,
            [0, 0, 0],
            [0, 0, 0],
            [0, 0, 0]]]), array([[[  0,   0,   0],
            [  0,   0,   0],
            [  0,   0,   0],
            ...,
            [233, 234, 236],
            [233, 234, 236],
            [225, 228, 233]],
    
           [[  0,   0,   0],
            [  0,   0,   0],
            [  0,   0,   0],
            ...,
            [232, 233, 235],
            [234, 235, 238],
            [201, 210, 217]],
    
           [[  0,   0,   0],
            [  0,   0,   0],
            [  0,   0,   0],
            ...,
            [230, 231, 233],
            [223, 224, 228],
            [199, 211, 223]],
    
           ...,
    
           [[  0,   0,   0],
            [  0,   0,   0],
            [  0,   0,   0],
            ...,
            [  0,   0,   0],
            [  0,   0,   0],
            [  0,   0,   0]],
    
           [[  0,   0,   0],
            [  0,   0,   0],
            [  0,   0,   0],
            ...,
            [  0,   0,   0],
            [  0,   0,   0],
            [  0,   0,   0]],
    
           [[  0,   0,   0],
            [  0,   0,   0],
            [  0,   0,   0],
            ...,
            [  0,   0,   0],
            [  0,   0,   0],
            [  0,   0,   0]]])], 'covered_false': [], 'uncovered_true': [], 'uncovered_false': []}], 'all_precision': 0, 'num_preds': 130001, 'instance': array([[[ 0.63921571,  0.66274512,  0.73333335],
            [ 0.65490198,  0.67843139,  0.73333335],
            [ 0.66274512,  0.68627453,  0.71764708],
            ...,
            [ 0.82745099,  0.83529413,  0.8509804 ],
            [ 0.82745099,  0.83529413,  0.8509804 ],
            [ 0.7647059 ,  0.78823531,  0.82745099]],
    
           [[ 0.64705884,  0.67058825,  0.72549021],
            [ 0.67058825,  0.69411767,  0.74901962],
            [ 0.67843139,  0.7019608 ,  0.75686276],
            ...,
            [ 0.81960785,  0.82745099,  0.84313726],
            [ 0.83529413,  0.84313726,  0.86666667],
            [ 0.57647061,  0.64705884,  0.7019608 ]],
    
           [[ 0.69411767,  0.7019608 ,  0.7647059 ],
            [ 0.66274512,  0.68627453,  0.74117649],
            [ 0.65490198,  0.67843139,  0.74117649],
            ...,
            [ 0.80392158,  0.81176472,  0.82745099],
            [ 0.74901962,  0.75686276,  0.78823531],
            [ 0.56078434,  0.65490198,  0.74901962]],
    
           ...,
    
           [[ 0.05882359,  0.13725495, -0.39607841],
            [ 0.71764708,  0.5529412 ,  0.22352946],
            [ 0.23921573,  0.09803927, -0.45098037],
            ...,
            [ 0.30196083,  0.20000005, -0.27058822],
            [ 0.35686278,  0.20784318, -0.44313723],
            [ 0.41176474,  0.28627455, -0.03529412]],
    
           [[ 0.04313731, -0.03529412, -0.62352943],
            [ 0.45098042,  0.3176471 , -0.05098039],
            [ 0.34117651,  0.35686278, -0.34901959],
            ...,
            [ 0.30980396,  0.26274514, -0.12156862],
            [ 0.10588241, -0.01176471, -0.43529409],
            [ 0.49019611,  0.29411769,  0.03529418]],
    
           [[ 0.20784318,  0.18431377, -0.4588235 ],
            [ 0.16078436,  0.082353  , -0.54509807],
            [-0.12941176, -0.21568626, -0.66274512],
            ...,
            [ 0.082353  , -0.17647058, -0.72549021],
            [ 0.22352946,  0.11372554, -0.44313723],
            [ 0.56078434,  0.36470592,  0.09803927]]]), 'prediction': 111}, 'meta': {'name': 'AnchorImage'}}
[I 200528 20:29:18 web:2250] 200 POST /v1/models/mobilenet-fullstack:explain (127.0.0.1) 197641.23ms
